0 info it worked if it ends with ok
1 verbose cli [ 'C:\\Program Files\\nodejs\\\\node.exe',
1 verbose cli   'C:\\Program Files\\nodejs\\node_modules\\npm\\bin\\npm-cli.js',
1 verbose cli   'install',
1 verbose cli   'dgram' ]
2 info using npm@1.3.21
3 info using node@v0.10.24
4 verbose node symlink C:\Program Files\nodejs\\node.exe
5 verbose cache add [ 'dgram', null ]
6 verbose cache add name=undefined spec="dgram" args=["dgram",null]
7 verbose parsed url { protocol: null,
7 verbose parsed url   slashes: null,
7 verbose parsed url   auth: null,
7 verbose parsed url   host: null,
7 verbose parsed url   port: null,
7 verbose parsed url   hostname: null,
7 verbose parsed url   hash: null,
7 verbose parsed url   search: null,
7 verbose parsed url   query: null,
7 verbose parsed url   pathname: 'dgram',
7 verbose parsed url   path: 'dgram',
7 verbose parsed url   href: 'dgram' }
8 silly lockFile 2ef82937-dgram dgram
9 verbose lock dgram C:\Users\eric.zhang\AppData\Roaming\npm-cache\2ef82937-dgram.lock
10 silly lockFile 2ef82937-dgram dgram
11 silly lockFile 2ef82937-dgram dgram
12 verbose addNamed [ 'dgram', '' ]
13 verbose addNamed [ null, '*' ]
14 silly lockFile bd8d1382-dgram dgram@
15 verbose lock dgram@ C:\Users\eric.zhang\AppData\Roaming\npm-cache\bd8d1382-dgram.lock
16 silly addNameRange { name: 'dgram', range: '*', hasData: false }
17 verbose url raw dgram
18 verbose url resolving [ 'https://registry.npmjs.org/', './dgram' ]
19 verbose url resolved https://registry.npmjs.org/dgram
20 info trying registry request attempt 1 at 11:33:18
21 http GET https://registry.npmjs.org/dgram
22 http 404 https://registry.npmjs.org/dgram
23 silly registry.get cb [ 404,
23 silly registry.get   { date: 'Tue, 04 Feb 2014 16:33:20 GMT',
23 silly registry.get     server: 'CouchDB/1.5.0 (Erlang OTP/R16B)',
23 silly registry.get     'content-type': 'application/json',
23 silly registry.get     via: '1.1 varnish',
23 silly registry.get     'cache-control': 'max-age=0',
23 silly registry.get     'content-length': '52',
23 silly registry.get     'accept-ranges': 'bytes',
23 silly registry.get     age: '0',
23 silly registry.get     'x-served-by': 'cache-v36-ASH, cache-jfk1031-JFK',
23 silly registry.get     'x-cache': 'MISS, MISS',
23 silly registry.get     'x-cache-hits': '0, 0',
23 silly registry.get     'x-timer': 'S1391531600.074815989,VS0,VS3,VE25,VE28',
23 silly registry.get     'keep-alive': 'timeout=10, max=50',
23 silly registry.get     connection: 'Keep-Alive' } ]
24 silly lockFile bd8d1382-dgram dgram@
25 silly lockFile bd8d1382-dgram dgram@
26 error 404 'dgram' is not in the npm registry.
26 error 404 You should bug the author to publish it
26 error 404
26 error 404 Note that you can also install from a
26 error 404 tarball, folder, or http url, or git url.
27 error System Windows_NT 6.1.7601
28 error command "C:\\Program Files\\nodejs\\\\node.exe" "C:\\Program Files\\nodejs\\node_modules\\npm\\bin\\npm-cli.js" "install" "dgram"
29 error cwd c:\project1\Cesium-GMTI
30 error node -v v0.10.24
31 error npm -v 1.3.21
32 error code E404
33 verbose exit [ 1, true ]
